TN:
SF:/Users/hank/Desktop/CS/Blockchain/TCI/Magic/contracts/Base.sol
FN:69,getPlayerInfoOfAGame
FN:73,getGameFundPool
FN:82,setPlayerLimit
FN:86,setHouseFee
FN:90,setTimeOfAGame
FN:94,_rand
FNF:6
FNH:6
FNDA:35,getPlayerInfoOfAGame
FNDA:2,getGameFundPool
FNDA:1,setPlayerLimit
FNDA:1,setHouseFee
FNDA:1,setTimeOfAGame
FNDA:34,_rand
DA:70,35
DA:74,2
DA:75,2
DA:76,10
DA:78,2
DA:79,2
DA:83,1
DA:87,1
DA:91,1
DA:95,34
LF:10
LH:10
BRF:0
BRH:0
end_of_record
TN:
SF:/Users/hank/Desktop/CS/Blockchain/TCI/Magic/contracts/InfinityGame.sol
FN:7,bet
FN:17,createGame
FN:49,_dealCards
FN:62,_shuffle
FN:82,settlementGame
FN:114,_sortHandCard
FN:139,_whoIsWinner
FN:172,_evaluateHand
FN:274,_distributionEther
FN:280,adminWithdraw
FNF:10
FNH:8
FNDA:1,bet
FNDA:1,createGame
FNDA:10,_dealCards
FNDA:1,_shuffle
FNDA:1,settlementGame
FNDA:5,_sortHandCard
FNDA:1,_whoIsWinner
FNDA:5,_evaluateHand
FNDA:0,_distributionEther
FNDA:0,adminWithdraw
DA:8,1
DA:9,1
DA:10,1
DA:11,1
DA:18,1
DA:19,1
DA:21,1
DA:29,1
DA:31,1
DA:32,5
DA:34,5
DA:40,5
DA:41,5
DA:43,5
DA:46,1
DA:50,10
DA:51,10
DA:52,10
DA:53,10
DA:55,10
DA:56,25
DA:57,25
DA:58,25
DA:63,1
DA:64,1
DA:65,1
DA:66,1
DA:67,1
DA:69,1
DA:70,27
DA:71,27
DA:72,27
DA:73,27
DA:74,27
DA:77,1
DA:78,28
DA:84,1
DA:85,1
DA:87,1
DA:88,5
DA:89,5
DA:92,1
DA:93,0
DA:94,0
DA:95,0
DA:98,0
DA:99,0
DA:100,0
DA:102,0
DA:106,1
DA:107,5
DA:108,0
DA:115,5
DA:116,5
DA:117,5
DA:118,5
DA:120,5
DA:121,25
DA:124,5
DA:125,20
DA:126,50
DA:127,0
DA:128,0
DA:129,0
DA:131,0
DA:132,0
DA:133,0
DA:140,1
DA:141,1
DA:142,1
DA:144,1
DA:145,4
DA:147,4
DA:148,0
DA:149,0
DA:152,4
DA:153,20
DA:154,0
DA:155,0
DA:156,0
DA:159,0
DA:162,0
DA:163,0
DA:169,1
DA:173,5
DA:174,5
DA:175,5
DA:176,5
DA:177,5
DA:178,5
DA:179,5
DA:181,5
DA:182,20
DA:183,20
DA:185,20
DA:186,5
DA:187,5
DA:190,5
DA:191,5
DA:194,5
DA:195,5
DA:198,0
DA:203,0
DA:204,0
DA:205,0
DA:206,0
DA:209,0
DA:210,0
DA:211,0
DA:214,0
DA:217,0
DA:218,0
DA:222,0
DA:223,0
DA:224,0
DA:225,0
DA:228,0
DA:229,0
DA:232,0
DA:236,0
DA:237,0
DA:238,0
DA:239,0
DA:240,0
DA:243,0
DA:244,0
DA:246,0
DA:247,0
DA:248,0
DA:251,0
DA:256,0
DA:257,0
DA:258,0
DA:259,0
DA:260,0
DA:261,0
DA:262,0
DA:265,0
DA:271,0
DA:275,0
DA:276,0
DA:281,0
DA:282,0
DA:283,0
LF:144
LH:79
BRDA:8,1,0,1
BRDA:8,1,1,0
BRDA:84,2,0,1
BRDA:84,2,1,0
BRDA:92,3,0,0
BRDA:92,3,1,1
BRDA:94,4,0,0
BRDA:94,4,1,0
BRDA:126,5,0,0
BRDA:126,5,1,50
BRDA:147,6,0,0
BRDA:147,6,1,4
BRDA:151,7,0,4
BRDA:151,7,1,0
BRDA:153,8,0,0
BRDA:153,8,1,20
BRDA:158,9,0,0
BRDA:158,9,1,20
BRDA:161,10,0,0
BRDA:161,10,1,20
BRDA:185,11,0,5
BRDA:185,11,1,15
BRDA:189,12,0,5
BRDA:189,12,1,10
BRDA:193,13,0,5
BRDA:193,13,1,5
BRDA:194,14,0,5
BRDA:194,14,1,0
BRDA:203,15,0,0
BRDA:203,15,1,0
BRDA:204,16,0,0
BRDA:204,16,1,0
BRDA:216,17,0,0
BRDA:216,17,1,0
BRDA:217,18,0,0
BRDA:217,18,1,0
BRDA:222,19,0,0
BRDA:222,19,1,0
BRDA:223,20,0,0
BRDA:223,20,1,0
BRDA:236,21,0,0
BRDA:236,21,1,0
BRDA:238,22,0,0
BRDA:238,22,1,0
BRDA:247,23,0,0
BRDA:247,23,1,0
BRDA:250,24,0,0
BRDA:250,24,1,0
BRDA:260,25,0,0
BRDA:260,25,1,0
BRDA:281,26,0,0
BRDA:281,26,1,0
BRF:52
BRH:16
end_of_record
TN:
SF:/Users/hank/Desktop/CS/Blockchain/TCI/Magic/contracts/openzeppelin-solidity/lifecycle/Pausable.sol
FN:21,whenNotPaused
FN:29,whenPaused
FN:37,pause
FN:45,unpause
FNF:4
FNH:3
FNDA:4,whenNotPaused
FNDA:2,whenPaused
FNDA:1,pause
FNDA:0,unpause
DA:22,4
DA:23,4
DA:30,2
DA:31,0
DA:38,1
DA:39,1
DA:46,0
DA:47,0
LF:8
LH:5
BRDA:22,1,0,4
BRDA:22,1,1,0
BRDA:30,2,0,0
BRDA:30,2,1,2
BRF:4
BRH:2
end_of_record
TN:
SF:/Users/hank/Desktop/CS/Blockchain/TCI/Magic/contracts/openzeppelin-solidity/math/SafeMath.sol
FN:12,mul
FN:29,div
FN:40,sub
FN:50,add
FN:61,mod
FNF:5
FNH:5
FNDA:4,mul
FNDA:26,div
FNDA:213,sub
FNDA:140,add
FNDA:53,mod
DA:16,4
DA:17,3
DA:20,1
DA:21,1
DA:23,1
DA:30,26
DA:31,26
DA:34,26
DA:41,213
DA:42,213
DA:44,213
DA:51,140
DA:52,140
DA:54,140
DA:62,53
DA:63,53
LF:16
LH:16
BRDA:16,1,0,3
BRDA:16,1,1,1
BRDA:21,2,0,1
BRDA:21,2,1,0
BRDA:30,3,0,26
BRDA:30,3,1,0
BRDA:41,4,0,213
BRDA:41,4,1,0
BRDA:52,5,0,140
BRDA:52,5,1,0
BRDA:62,6,0,53
BRDA:62,6,1,0
BRF:12
BRH:7
end_of_record
TN:
SF:/Users/hank/Desktop/CS/Blockchain/TCI/Magic/contracts/openzeppelin-solidity/ownership/Claimable.sol
FN:18,onlyPendingOwner
FN:27,transferOwnership
FN:34,claimOwnership
FNF:3
FNH:2
FNDA:2,onlyPendingOwner
FNDA:1,transferOwnership
FNDA:0,claimOwnership
DA:19,2
DA:20,0
DA:28,1
DA:35,0
DA:36,0
DA:37,0
LF:6
LH:2
BRDA:19,1,0,0
BRDA:19,1,1,2
BRF:2
BRH:1
end_of_record
TN:
SF:/Users/hank/Desktop/CS/Blockchain/TCI/Magic/contracts/openzeppelin-solidity/ownership/Ownable.sol
FN:24,constructor
FN:31,onlyOwner
FN:42,renounceOwnership
FN:51,transferOwnership
FN:59,_transferOwnership
FNF:5
FNH:5
FNDA:47,constructor
FNDA:93,onlyOwner
FNDA:1,renounceOwnership
FNDA:1,transferOwnership
FNDA:1,_transferOwnership
DA:25,47
DA:32,93
DA:33,93
DA:43,1
DA:44,1
DA:52,1
DA:60,1
DA:61,1
DA:62,1
LF:9
LH:9
BRDA:32,1,0,93
BRDA:32,1,1,0
BRDA:60,2,0,1
BRDA:60,2,1,0
BRF:4
BRH:2
end_of_record
TN:
SF:/Users/hank/Desktop/CS/Blockchain/TCI/Magic/contracts/Proxy.sol
FN:7,constructor
FN:11,setTargetAddress
FN:15,
FNF:3
FNH:2
FNDA:2,constructor
FNDA:2,setTargetAddress
FNDA:0,
DA:8,2
DA:12,2
DA:16,0
DA:17,0
LF:4
LH:2
BRF:0
BRH:0
end_of_record
TN:
SF:/Users/hank/Desktop/CS/Blockchain/TCI/Magic/contracts/Randomness.sol
FN:9,rand
FNF:1
FNH:1
FNDA:35,rand
DA:10,35
DA:11,35
LF:2
LH:2
BRF:0
BRH:0
end_of_record
