{"contracts/Base.sol":{"l":{"70":0,"74":0,"75":0,"76":0,"78":0,"79":0,"83":0,"87":0,"91":0,"95":0},"path":"/Users/hank/Desktop/CS/Blockchain/TCI/Magic/contracts/Base.sol","s":{"1":0,"2":0,"3":0,"4":0,"5":0,"6":0,"7":0,"8":0,"9":0,"10":0},"b":{},"f":{"1":0,"2":0,"3":0,"4":0,"5":0,"6":0},"fnMap":{"1":{"name":"getPlayerInfoOfAGame","line":69,"loc":{"start":{"line":69,"column":4},"end":{"line":69,"column":106}}},"2":{"name":"getGameFundPool","line":73,"loc":{"start":{"line":73,"column":4},"end":{"line":73,"column":72}}},"3":{"name":"setPlayerLimit","line":82,"loc":{"start":{"line":82,"column":4},"end":{"line":82,"column":61}}},"4":{"name":"setHouseFee","line":86,"loc":{"start":{"line":86,"column":4},"end":{"line":86,"column":61}}},"5":{"name":"setTimeOfAGame","line":90,"loc":{"start":{"line":90,"column":4},"end":{"line":90,"column":64}}},"6":{"name":"_rand","line":94,"loc":{"start":{"line":94,"column":4},"end":{"line":94,"column":66}}}},"statementMap":{"1":{"start":{"line":70,"column":8},"end":{"line":70,"column":68}},"2":{"start":{"line":74,"column":8},"end":{"line":74,"column":24}},"3":{"start":{"line":75,"column":8},"end":{"line":75,"column":2318}},"4":{"start":{"line":76,"column":12},"end":{"line":76,"column":73}},"5":{"start":{"line":78,"column":8},"end":{"line":78,"column":35}},"6":{"start":{"line":79,"column":8},"end":{"line":79,"column":19}},"7":{"start":{"line":83,"column":8},"end":{"line":83,"column":30}},"8":{"start":{"line":87,"column":8},"end":{"line":87,"column":30}},"9":{"start":{"line":91,"column":8},"end":{"line":91,"column":33}},"10":{"start":{"line":95,"column":8},"end":{"line":95,"column":2928}}},"branchMap":{}},"contracts/InfinityGame.sol":{"l":{"8":0,"9":0,"10":0,"11":0,"18":0,"19":0,"21":0,"29":0,"31":0,"32":0,"34":0,"40":0,"41":0,"43":0,"46":0,"50":0,"51":0,"52":0,"53":0,"55":0,"56":0,"57":0,"58":0,"63":0,"64":0,"65":0,"66":0,"67":0,"69":0,"70":0,"71":0,"72":0,"73":0,"74":0,"77":0,"78":0,"84":0,"85":0,"87":0,"88":0,"89":0,"92":0,"93":0,"94":0,"95":0,"98":0,"99":0,"100":0,"102":0,"106":0,"107":0,"108":0,"115":0,"116":0,"117":0,"118":0,"120":0,"121":0,"124":0,"125":0,"126":0,"127":0,"128":0,"129":0,"131":0,"132":0,"133":0,"140":0,"141":0,"142":0,"144":0,"145":0,"147":0,"148":0,"149":0,"152":0,"153":0,"154":0,"155":0,"156":0,"159":0,"162":0,"163":0,"169":0,"173":0,"174":0,"175":0,"176":0,"177":0,"178":0,"179":0,"181":0,"182":0,"183":0,"185":0,"186":0,"187":0,"190":0,"191":0,"194":0,"195":0,"198":0,"203":0,"204":0,"205":0,"206":0,"209":0,"210":0,"211":0,"214":0,"217":0,"218":0,"222":0,"223":0,"224":0,"225":0,"228":0,"229":0,"232":0,"236":0,"237":0,"238":0,"239":0,"240":0,"243":0,"244":0,"246":0,"247":0,"248":0,"251":0,"256":0,"257":0,"258":0,"259":0,"260":0,"261":0,"262":0,"265":0,"271":0,"275":0,"276":0,"281":0,"282":0,"283":0},"path":"/Users/hank/Desktop/CS/Blockchain/TCI/Magic/contracts/InfinityGame.sol","s":{"1":0,"2":0,"3":0,"4":0,"5":0,"6":0,"7":0,"8":0,"9":0,"10":0,"11":0,"12":0,"13":0,"14":0,"15":0,"16":0,"17":0,"18":0,"19":0,"20":0,"21":0,"22":0,"23":0,"24":0,"25":0,"26":0,"27":0,"28":0,"29":0,"30":0,"31":0,"32":0,"33":0,"34":0,"35":0,"36":0,"37":0,"38":0,"39":0,"40":0,"41":0,"42":0,"43":0,"44":0,"45":0,"46":0,"47":0,"48":0,"49":0,"50":0,"51":0,"52":0,"53":0,"54":0,"55":0,"56":0,"57":0,"58":0,"59":0,"60":0,"61":0,"62":0,"63":0,"64":0,"65":0,"66":0,"67":0,"68":0,"69":0,"70":0,"71":0,"72":0,"73":0,"74":0,"75":0,"76":0,"77":0,"78":0,"79":0,"80":0,"81":0,"82":0,"83":0,"84":0,"85":0,"86":0,"87":0,"88":0,"89":0,"90":0,"91":0,"92":0,"93":0,"94":0,"95":0,"96":0,"97":0,"98":0,"99":0,"100":0,"101":0,"102":0,"103":0,"104":0,"105":0,"106":0,"107":0,"108":0,"109":0,"110":0,"111":0,"112":0,"113":0,"114":0,"115":0,"116":0,"117":0,"118":0,"119":0,"120":0,"121":0,"122":0,"123":0,"124":0,"125":0,"126":0,"127":0,"128":0,"129":0,"130":0,"131":0,"132":0,"133":0,"134":0,"135":0,"136":0,"137":0,"138":0,"139":0,"140":0,"141":0,"142":0,"143":0,"144":0,"145":0,"146":0,"147":0,"148":0,"149":0},"b":{"1":[0,0],"2":[0,0],"3":[0,0],"4":[0,0],"5":[0,0],"6":[0,0],"7":[0,0],"8":[0,0],"9":[0,0],"10":[0,0],"11":[0,0],"12":[0,0],"13":[0,0],"14":[0,0],"15":[0,0],"16":[0,0],"17":[0,0],"18":[0,0],"19":[0,0],"20":[0,0],"21":[0,0],"22":[0,0],"23":[0,0],"24":[0,0],"25":[0,0],"26":[0,0]},"f":{"1":0,"2":0,"3":0,"4":0,"5":0,"6":0,"7":0,"8":0,"9":0,"10":0},"fnMap":{"1":{"name":"bet","line":7,"loc":{"start":{"line":7,"column":4},"end":{"line":7,"column":62}}},"2":{"name":"createGame","line":17,"loc":{"start":{"line":17,"column":4},"end":{"line":17,"column":54}}},"3":{"name":"_dealCards","line":49,"loc":{"start":{"line":49,"column":4},"end":{"line":49,"column":96}}},"4":{"name":"_shuffle","line":62,"loc":{"start":{"line":62,"column":4},"end":{"line":62,"column":54}}},"5":{"name":"settlementGame","line":82,"loc":{"start":{"line":82,"column":4},"end":{"line":82,"column":73}}},"6":{"name":"_sortHandCard","line":114,"loc":{"start":{"line":114,"column":4},"end":{"line":114,"column":56}}},"7":{"name":"_whoIsWinner","line":139,"loc":{"start":{"line":139,"column":4},"end":{"line":139,"column":71}}},"8":{"name":"_evaluateHand","line":172,"loc":{"start":{"line":172,"column":4},"end":{"line":172,"column":83}}},"9":{"name":"_distributionEther","line":274,"loc":{"start":{"line":274,"column":4},"end":{"line":274,"column":88}}},"10":{"name":"adminWithdraw","line":280,"loc":{"start":{"line":280,"column":4},"end":{"line":280,"column":66}}}},"statementMap":{"1":{"start":{"line":8,"column":8},"end":{"line":8,"column":41}},"2":{"start":{"line":9,"column":8},"end":{"line":9,"column":54}},"3":{"start":{"line":10,"column":8},"end":{"line":10,"column":54}},"4":{"start":{"line":11,"column":8},"end":{"line":11,"column":55}},"5":{"start":{"line":18,"column":8},"end":{"line":18,"column":33}},"6":{"start":{"line":19,"column":8},"end":{"line":19,"column":40}},"7":{"start":{"line":21,"column":8},"end":{"line":21,"column":672}},"8":{"start":{"line":29,"column":8},"end":{"line":29,"column":23}},"9":{"start":{"line":31,"column":8},"end":{"line":31,"column":949}},"10":{"start":{"line":32,"column":12},"end":{"line":32,"column":37}},"11":{"start":{"line":34,"column":12},"end":{"line":34,"column":1056}},"12":{"start":{"line":40,"column":12},"end":{"line":40,"column":52}},"13":{"start":{"line":41,"column":12},"end":{"line":41,"column":35}},"14":{"start":{"line":43,"column":12},"end":{"line":43,"column":39}},"15":{"start":{"line":46,"column":8},"end":{"line":46,"column":30}},"16":{"start":{"line":50,"column":8},"end":{"line":50,"column":73}},"17":{"start":{"line":51,"column":8},"end":{"line":51,"column":46}},"18":{"start":{"line":52,"column":8},"end":{"line":52,"column":52}},"19":{"start":{"line":53,"column":8},"end":{"line":53,"column":65}},"20":{"start":{"line":55,"column":8},"end":{"line":55,"column":1743}},"21":{"start":{"line":56,"column":12},"end":{"line":56,"column":113}},"22":{"start":{"line":57,"column":12},"end":{"line":57,"column":55}},"23":{"start":{"line":58,"column":12},"end":{"line":58,"column":63}},"24":{"start":{"line":63,"column":8},"end":{"line":63,"column":66}},"25":{"start":{"line":64,"column":8},"end":{"line":64,"column":63}},"26":{"start":{"line":65,"column":8},"end":{"line":65,"column":43}},"27":{"start":{"line":66,"column":8},"end":{"line":66,"column":17}},"28":{"start":{"line":67,"column":8},"end":{"line":67,"column":17}},"29":{"start":{"line":69,"column":8},"end":{"line":69,"column":2343}},"30":{"start":{"line":70,"column":12},"end":{"line":70,"column":39}},"31":{"start":{"line":71,"column":12},"end":{"line":71,"column":27}},"32":{"start":{"line":72,"column":12},"end":{"line":72,"column":27}},"33":{"start":{"line":73,"column":12},"end":{"line":73,"column":34}},"34":{"start":{"line":74,"column":12},"end":{"line":74,"column":27}},"35":{"start":{"line":77,"column":8},"end":{"line":77,"column":2587}},"36":{"start":{"line":78,"column":12},"end":{"line":78,"column":31}},"37":{"start":{"line":84,"column":8},"end":{"line":84,"column":61}},"38":{"start":{"line":85,"column":8},"end":{"line":85,"column":47}},"39":{"start":{"line":87,"column":8},"end":{"line":87,"column":2973}},"40":{"start":{"line":88,"column":12},"end":{"line":88,"column":36}},"41":{"start":{"line":89,"column":12},"end":{"line":89,"column":58}},"42":{"start":{"line":92,"column":8},"end":{"line":92,"column":3141}},"43":{"start":{"line":93,"column":12},"end":{"line":93,"column":56}},"44":{"start":{"line":94,"column":12},"end":{"line":94,"column":3249}},"45":{"start":{"line":95,"column":16},"end":{"line":95,"column":62}},"46":{"start":{"line":98,"column":16},"end":{"line":98,"column":85}},"47":{"start":{"line":99,"column":16},"end":{"line":99,"column":53}},"48":{"start":{"line":100,"column":16},"end":{"line":100,"column":83}},"49":{"start":{"line":102,"column":16},"end":{"line":102,"column":57}},"50":{"start":{"line":106,"column":12},"end":{"line":106,"column":3739}},"51":{"start":{"line":107,"column":16},"end":{"line":107,"column":3800}},"52":{"start":{"line":108,"column":20},"end":{"line":108,"column":83}},"53":{"start":{"line":115,"column":8},"end":{"line":115,"column":60}},"54":{"start":{"line":116,"column":8},"end":{"line":116,"column":44}},"55":{"start":{"line":117,"column":8},"end":{"line":117,"column":23}},"56":{"start":{"line":118,"column":8},"end":{"line":118,"column":27}},"57":{"start":{"line":120,"column":8},"end":{"line":120,"column":4237}},"58":{"start":{"line":121,"column":12},"end":{"line":121,"column":74}},"59":{"start":{"line":124,"column":8},"end":{"line":124,"column":4367}},"60":{"start":{"line":125,"column":12},"end":{"line":125,"column":4433}},"61":{"start":{"line":126,"column":16},"end":{"line":126,"column":4516}},"62":{"start":{"line":127,"column":20},"end":{"line":127,"column":39}},"63":{"start":{"line":128,"column":20},"end":{"line":128,"column":36}},"64":{"start":{"line":129,"column":20},"end":{"line":129,"column":37}},"65":{"start":{"line":131,"column":20},"end":{"line":131,"column":42}},"66":{"start":{"line":132,"column":20},"end":{"line":132,"column":46}},"67":{"start":{"line":133,"column":20},"end":{"line":133,"column":40}},"68":{"start":{"line":140,"column":8},"end":{"line":140,"column":24}},"69":{"start":{"line":141,"column":8},"end":{"line":141,"column":81}},"70":{"start":{"line":142,"column":8},"end":{"line":142,"column":31}},"71":{"start":{"line":144,"column":8},"end":{"line":144,"column":5068}},"72":{"start":{"line":145,"column":12},"end":{"line":145,"column":64}},"73":{"start":{"line":147,"column":12},"end":{"line":147,"column":5199}},"74":{"start":{"line":148,"column":16},"end":{"line":148,"column":24}},"75":{"start":{"line":149,"column":16},"end":{"line":149,"column":25}},"76":{"start":{"line":151,"column":17},"end":{"line":151,"column":5322}},"77":{"start":{"line":152,"column":16},"end":{"line":152,"column":5380}},"78":{"start":{"line":153,"column":20},"end":{"line":153,"column":5453}},"79":{"start":{"line":154,"column":24},"end":{"line":154,"column":32}},"80":{"start":{"line":155,"column":24},"end":{"line":155,"column":33}},"81":{"start":{"line":158,"column":25},"end":{"line":158,"column":5655}},"82":{"start":{"line":161,"column":25},"end":{"line":161,"column":5786}},"83":{"start":{"line":162,"column":24},"end":{"line":162,"column":32}},"84":{"start":{"line":163,"column":24},"end":{"line":163,"column":33}},"85":{"start":{"line":169,"column":8},"end":{"line":169,"column":51}},"86":{"start":{"line":173,"column":8},"end":{"line":173,"column":62}},"87":{"start":{"line":174,"column":8},"end":{"line":174,"column":69}},"88":{"start":{"line":175,"column":8},"end":{"line":175,"column":71}},"89":{"start":{"line":176,"column":8},"end":{"line":176,"column":39}},"90":{"start":{"line":177,"column":8},"end":{"line":177,"column":29}},"91":{"start":{"line":178,"column":8},"end":{"line":178,"column":43}},"92":{"start":{"line":179,"column":8},"end":{"line":179,"column":61}},"93":{"start":{"line":181,"column":8},"end":{"line":181,"column":6530}},"94":{"start":{"line":182,"column":12},"end":{"line":182,"column":100}},"95":{"start":{"line":183,"column":12},"end":{"line":183,"column":100}},"96":{"start":{"line":185,"column":12},"end":{"line":185,"column":6804}},"97":{"start":{"line":186,"column":16},"end":{"line":186,"column":47}},"98":{"start":{"line":187,"column":16},"end":{"line":187,"column":69}},"99":{"start":{"line":189,"column":17},"end":{"line":189,"column":7005}},"100":{"start":{"line":190,"column":16},"end":{"line":190,"column":48}},"101":{"start":{"line":191,"column":16},"end":{"line":191,"column":53}},"102":{"start":{"line":193,"column":17},"end":{"line":193,"column":7192}},"103":{"start":{"line":194,"column":16},"end":{"line":194,"column":7261}},"104":{"start":{"line":195,"column":20},"end":{"line":195,"column":54}},"105":{"start":{"line":198,"column":20},"end":{"line":198,"column":54}},"106":{"start":{"line":203,"column":8},"end":{"line":203,"column":7481}},"107":{"start":{"line":204,"column":12},"end":{"line":204,"column":7546}},"108":{"start":{"line":205,"column":16},"end":{"line":205,"column":49}},"109":{"start":{"line":206,"column":16},"end":{"line":206,"column":53}},"110":{"start":{"line":209,"column":16},"end":{"line":209,"column":41}},"111":{"start":{"line":210,"column":16},"end":{"line":210,"column":7820}},"112":{"start":{"line":211,"column":20},"end":{"line":211,"column":59}},"113":{"start":{"line":214,"column":12},"end":{"line":214,"column":48}},"114":{"start":{"line":216,"column":13},"end":{"line":216,"column":8023}},"115":{"start":{"line":217,"column":12},"end":{"line":217,"column":8081}},"116":{"start":{"line":218,"column":16},"end":{"line":218,"column":45}},"117":{"start":{"line":222,"column":12},"end":{"line":222,"column":8201}},"118":{"start":{"line":223,"column":16},"end":{"line":223,"column":8243}},"119":{"start":{"line":224,"column":20},"end":{"line":224,"column":48}},"120":{"start":{"line":225,"column":20},"end":{"line":225,"column":57}},"121":{"start":{"line":228,"column":20},"end":{"line":228,"column":8488}},"122":{"start":{"line":229,"column":24},"end":{"line":229,"column":63}},"123":{"start":{"line":232,"column":16},"end":{"line":232,"column":52}},"124":{"start":{"line":236,"column":16},"end":{"line":236,"column":8769}},"125":{"start":{"line":237,"column":20},"end":{"line":237,"column":47}},"126":{"start":{"line":238,"column":20},"end":{"line":238,"column":8865}},"127":{"start":{"line":239,"column":24},"end":{"line":239,"column":45}},"128":{"start":{"line":240,"column":24},"end":{"line":240,"column":45}},"129":{"start":{"line":243,"column":24},"end":{"line":243,"column":45}},"130":{"start":{"line":244,"column":24},"end":{"line":244,"column":45}},"131":{"start":{"line":246,"column":20},"end":{"line":246,"column":9175}},"132":{"start":{"line":247,"column":24},"end":{"line":247,"column":9248}},"133":{"start":{"line":248,"column":28},"end":{"line":248,"column":65}},"134":{"start":{"line":250,"column":29},"end":{"line":250,"column":9455}},"135":{"start":{"line":251,"column":28},"end":{"line":251,"column":64}},"136":{"start":{"line":256,"column":20},"end":{"line":256,"column":47}},"137":{"start":{"line":257,"column":20},"end":{"line":257,"column":41}},"138":{"start":{"line":258,"column":20},"end":{"line":258,"column":33}},"139":{"start":{"line":259,"column":20},"end":{"line":259,"column":9800}},"140":{"start":{"line":260,"column":24},"end":{"line":260,"column":9871}},"141":{"start":{"line":261,"column":28},"end":{"line":261,"column":65}},"142":{"start":{"line":262,"column":28},"end":{"line":262,"column":39}},"143":{"start":{"line":265,"column":28},"end":{"line":265,"column":64}},"144":{"start":{"line":271,"column":8},"end":{"line":271,"column":61}},"145":{"start":{"line":275,"column":8},"end":{"line":275,"column":10394}},"146":{"start":{"line":276,"column":12},"end":{"line":276,"column":66}},"147":{"start":{"line":281,"column":8},"end":{"line":281,"column":52}},"148":{"start":{"line":282,"column":8},"end":{"line":282,"column":45}},"149":{"start":{"line":283,"column":8},"end":{"line":283,"column":43}}},"branchMap":{"1":{"line":8,"type":"if","locations":[{"start":{"line":8,"column":8},"end":{"line":8,"column":8}},{"start":{"line":8,"column":8},"end":{"line":8,"column":8}}]},"2":{"line":84,"type":"if","locations":[{"start":{"line":84,"column":8},"end":{"line":84,"column":8}},{"start":{"line":84,"column":8},"end":{"line":84,"column":8}}]},"3":{"line":92,"type":"if","locations":[{"start":{"line":92,"column":8},"end":{"line":92,"column":8}},{"start":{"line":92,"column":8},"end":{"line":92,"column":8}}]},"4":{"line":94,"type":"if","locations":[{"start":{"line":94,"column":12},"end":{"line":94,"column":12}},{"start":{"line":94,"column":12},"end":{"line":94,"column":12}}]},"5":{"line":126,"type":"if","locations":[{"start":{"line":126,"column":16},"end":{"line":126,"column":16}},{"start":{"line":126,"column":16},"end":{"line":126,"column":16}}]},"6":{"line":147,"type":"if","locations":[{"start":{"line":147,"column":12},"end":{"line":147,"column":12}},{"start":{"line":147,"column":12},"end":{"line":147,"column":12}}]},"7":{"line":151,"type":"if","locations":[{"start":{"line":151,"column":17},"end":{"line":151,"column":17}},{"start":{"line":151,"column":17},"end":{"line":151,"column":17}}]},"8":{"line":153,"type":"if","locations":[{"start":{"line":153,"column":20},"end":{"line":153,"column":20}},{"start":{"line":153,"column":20},"end":{"line":153,"column":20}}]},"9":{"line":158,"type":"if","locations":[{"start":{"line":158,"column":25},"end":{"line":158,"column":25}},{"start":{"line":158,"column":25},"end":{"line":158,"column":25}}]},"10":{"line":161,"type":"if","locations":[{"start":{"line":161,"column":25},"end":{"line":161,"column":25}},{"start":{"line":161,"column":25},"end":{"line":161,"column":25}}]},"11":{"line":185,"type":"if","locations":[{"start":{"line":185,"column":12},"end":{"line":185,"column":12}},{"start":{"line":185,"column":12},"end":{"line":185,"column":12}}]},"12":{"line":189,"type":"if","locations":[{"start":{"line":189,"column":17},"end":{"line":189,"column":17}},{"start":{"line":189,"column":17},"end":{"line":189,"column":17}}]},"13":{"line":193,"type":"if","locations":[{"start":{"line":193,"column":17},"end":{"line":193,"column":17}},{"start":{"line":193,"column":17},"end":{"line":193,"column":17}}]},"14":{"line":194,"type":"if","locations":[{"start":{"line":194,"column":16},"end":{"line":194,"column":16}},{"start":{"line":194,"column":16},"end":{"line":194,"column":16}}]},"15":{"line":203,"type":"if","locations":[{"start":{"line":203,"column":8},"end":{"line":203,"column":8}},{"start":{"line":203,"column":8},"end":{"line":203,"column":8}}]},"16":{"line":204,"type":"if","locations":[{"start":{"line":204,"column":12},"end":{"line":204,"column":12}},{"start":{"line":204,"column":12},"end":{"line":204,"column":12}}]},"17":{"line":216,"type":"if","locations":[{"start":{"line":216,"column":13},"end":{"line":216,"column":13}},{"start":{"line":216,"column":13},"end":{"line":216,"column":13}}]},"18":{"line":217,"type":"if","locations":[{"start":{"line":217,"column":12},"end":{"line":217,"column":12}},{"start":{"line":217,"column":12},"end":{"line":217,"column":12}}]},"19":{"line":222,"type":"if","locations":[{"start":{"line":222,"column":12},"end":{"line":222,"column":12}},{"start":{"line":222,"column":12},"end":{"line":222,"column":12}}]},"20":{"line":223,"type":"if","locations":[{"start":{"line":223,"column":16},"end":{"line":223,"column":16}},{"start":{"line":223,"column":16},"end":{"line":223,"column":16}}]},"21":{"line":236,"type":"if","locations":[{"start":{"line":236,"column":16},"end":{"line":236,"column":16}},{"start":{"line":236,"column":16},"end":{"line":236,"column":16}}]},"22":{"line":238,"type":"if","locations":[{"start":{"line":238,"column":20},"end":{"line":238,"column":20}},{"start":{"line":238,"column":20},"end":{"line":238,"column":20}}]},"23":{"line":247,"type":"if","locations":[{"start":{"line":247,"column":24},"end":{"line":247,"column":24}},{"start":{"line":247,"column":24},"end":{"line":247,"column":24}}]},"24":{"line":250,"type":"if","locations":[{"start":{"line":250,"column":29},"end":{"line":250,"column":29}},{"start":{"line":250,"column":29},"end":{"line":250,"column":29}}]},"25":{"line":260,"type":"if","locations":[{"start":{"line":260,"column":24},"end":{"line":260,"column":24}},{"start":{"line":260,"column":24},"end":{"line":260,"column":24}}]},"26":{"line":281,"type":"if","locations":[{"start":{"line":281,"column":8},"end":{"line":281,"column":8}},{"start":{"line":281,"column":8},"end":{"line":281,"column":8}}]}}},"contracts/openzeppelin-solidity/lifecycle/Pausable.sol":{"l":{"22":0,"23":0,"30":0,"31":0,"38":0,"39":0,"46":0,"47":0},"path":"/Users/hank/Desktop/CS/Blockchain/TCI/Magic/contracts/openzeppelin-solidity/lifecycle/Pausable.sol","s":{"1":0,"2":0,"3":0,"4":0,"5":0,"6":0},"b":{"1":[0,0],"2":[0,0]},"f":{"1":0,"2":0,"3":0,"4":0},"fnMap":{"1":{"name":"whenNotPaused","line":21,"loc":{"start":{"line":21,"column":1},"end":{"line":21,"column":26}}},"2":{"name":"whenPaused","line":29,"loc":{"start":{"line":29,"column":1},"end":{"line":29,"column":23}}},"3":{"name":"pause","line":37,"loc":{"start":{"line":37,"column":1},"end":{"line":37,"column":49}}},"4":{"name":"unpause","line":45,"loc":{"start":{"line":45,"column":1},"end":{"line":45,"column":48}}}},"statementMap":{"1":{"start":{"line":22,"column":2},"end":{"line":22,"column":17}},"2":{"start":{"line":30,"column":2},"end":{"line":30,"column":16}},"3":{"start":{"line":38,"column":2},"end":{"line":38,"column":14}},"4":{"start":{"line":39,"column":2},"end":{"line":39,"column":14}},"5":{"start":{"line":46,"column":2},"end":{"line":46,"column":15}},"6":{"start":{"line":47,"column":2},"end":{"line":47,"column":16}}},"branchMap":{"1":{"line":22,"type":"if","locations":[{"start":{"line":22,"column":2},"end":{"line":22,"column":2}},{"start":{"line":22,"column":2},"end":{"line":22,"column":2}}]},"2":{"line":30,"type":"if","locations":[{"start":{"line":30,"column":2},"end":{"line":30,"column":2}},{"start":{"line":30,"column":2},"end":{"line":30,"column":2}}]}}},"contracts/openzeppelin-solidity/math/SafeMath.sol":{"l":{"16":0,"17":0,"20":0,"21":0,"23":0,"30":0,"31":0,"34":0,"41":0,"42":0,"44":0,"51":0,"52":0,"54":0,"62":0,"63":0},"path":"/Users/hank/Desktop/CS/Blockchain/TCI/Magic/contracts/openzeppelin-solidity/math/SafeMath.sol","s":{"1":0,"2":0,"3":0,"4":0,"5":0,"6":0,"7":0,"8":0,"9":0,"10":0,"11":0,"12":0,"13":0,"14":0,"15":0,"16":0},"b":{"1":[0,0],"2":[0,0],"3":[0,0],"4":[0,0],"5":[0,0],"6":[0,0]},"f":{"1":0,"2":0,"3":0,"4":0,"5":0},"fnMap":{"1":{"name":"mul","line":12,"loc":{"start":{"line":12,"column":1},"end":{"line":12,"column":68}}},"2":{"name":"div","line":29,"loc":{"start":{"line":29,"column":1},"end":{"line":29,"column":68}}},"3":{"name":"sub","line":40,"loc":{"start":{"line":40,"column":1},"end":{"line":40,"column":68}}},"4":{"name":"add","line":50,"loc":{"start":{"line":50,"column":1},"end":{"line":50,"column":68}}},"5":{"name":"mod","line":61,"loc":{"start":{"line":61,"column":1},"end":{"line":61,"column":68}}}},"statementMap":{"1":{"start":{"line":16,"column":2},"end":{"line":16,"column":483}},"2":{"start":{"line":17,"column":3},"end":{"line":17,"column":11}},"3":{"start":{"line":20,"column":2},"end":{"line":20,"column":19}},"4":{"start":{"line":21,"column":2},"end":{"line":21,"column":20}},"5":{"start":{"line":23,"column":2},"end":{"line":23,"column":10}},"6":{"start":{"line":30,"column":2},"end":{"line":30,"column":15}},"7":{"start":{"line":31,"column":2},"end":{"line":31,"column":19}},"8":{"start":{"line":34,"column":2},"end":{"line":34,"column":10}},"9":{"start":{"line":41,"column":2},"end":{"line":41,"column":16}},"10":{"start":{"line":42,"column":2},"end":{"line":42,"column":19}},"11":{"start":{"line":44,"column":2},"end":{"line":44,"column":10}},"12":{"start":{"line":51,"column":2},"end":{"line":51,"column":19}},"13":{"start":{"line":52,"column":2},"end":{"line":52,"column":16}},"14":{"start":{"line":54,"column":2},"end":{"line":54,"column":10}},"15":{"start":{"line":62,"column":2},"end":{"line":62,"column":16}},"16":{"start":{"line":63,"column":2},"end":{"line":63,"column":14}}},"branchMap":{"1":{"line":16,"type":"if","locations":[{"start":{"line":16,"column":2},"end":{"line":16,"column":2}},{"start":{"line":16,"column":2},"end":{"line":16,"column":2}}]},"2":{"line":21,"type":"if","locations":[{"start":{"line":21,"column":2},"end":{"line":21,"column":2}},{"start":{"line":21,"column":2},"end":{"line":21,"column":2}}]},"3":{"line":30,"type":"if","locations":[{"start":{"line":30,"column":2},"end":{"line":30,"column":2}},{"start":{"line":30,"column":2},"end":{"line":30,"column":2}}]},"4":{"line":41,"type":"if","locations":[{"start":{"line":41,"column":2},"end":{"line":41,"column":2}},{"start":{"line":41,"column":2},"end":{"line":41,"column":2}}]},"5":{"line":52,"type":"if","locations":[{"start":{"line":52,"column":2},"end":{"line":52,"column":2}},{"start":{"line":52,"column":2},"end":{"line":52,"column":2}}]},"6":{"line":62,"type":"if","locations":[{"start":{"line":62,"column":2},"end":{"line":62,"column":2}},{"start":{"line":62,"column":2},"end":{"line":62,"column":2}}]}}},"contracts/openzeppelin-solidity/ownership/Claimable.sol":{"l":{"19":0,"20":0,"28":0,"35":0,"36":0,"37":0},"path":"/Users/hank/Desktop/CS/Blockchain/TCI/Magic/contracts/openzeppelin-solidity/ownership/Claimable.sol","s":{"1":0,"2":0,"3":0,"4":0,"5":0},"b":{"1":[0,0]},"f":{"1":0,"2":0,"3":0},"fnMap":{"1":{"name":"onlyPendingOwner","line":18,"loc":{"start":{"line":18,"column":1},"end":{"line":18,"column":29}}},"2":{"name":"transferOwnership","line":27,"loc":{"start":{"line":27,"column":1},"end":{"line":27,"column":63}}},"3":{"name":"claimOwnership","line":34,"loc":{"start":{"line":34,"column":1},"end":{"line":34,"column":51}}}},"statementMap":{"1":{"start":{"line":19,"column":2},"end":{"line":19,"column":36}},"2":{"start":{"line":28,"column":2},"end":{"line":28,"column":24}},"3":{"start":{"line":35,"column":2},"end":{"line":35,"column":48}},"4":{"start":{"line":36,"column":2},"end":{"line":36,"column":21}},"5":{"start":{"line":37,"column":2},"end":{"line":37,"column":26}}},"branchMap":{"1":{"line":19,"type":"if","locations":[{"start":{"line":19,"column":2},"end":{"line":19,"column":2}},{"start":{"line":19,"column":2},"end":{"line":19,"column":2}}]}}},"contracts/openzeppelin-solidity/ownership/Ownable.sol":{"l":{"25":25,"32":3,"33":3,"43":0,"44":0,"52":0,"60":0,"61":0,"62":0},"path":"/Users/hank/Desktop/CS/Blockchain/TCI/Magic/contracts/openzeppelin-solidity/ownership/Ownable.sol","s":{"1":25,"2":3,"3":0,"4":0,"5":0,"6":0,"7":0,"8":0},"b":{"1":[3,0],"2":[0,0]},"f":{"1":25,"2":3,"3":0,"4":0,"5":0},"fnMap":{"1":{"name":"constructor","line":24,"loc":{"start":{"line":24,"column":1},"end":{"line":24,"column":22}}},"2":{"name":"onlyOwner","line":31,"loc":{"start":{"line":31,"column":1},"end":{"line":31,"column":22}}},"3":{"name":"renounceOwnership","line":42,"loc":{"start":{"line":42,"column":1},"end":{"line":42,"column":47}}},"4":{"name":"transferOwnership","line":51,"loc":{"start":{"line":51,"column":1},"end":{"line":51,"column":64}}},"5":{"name":"_transferOwnership","line":59,"loc":{"start":{"line":59,"column":1},"end":{"line":59,"column":57}}}},"statementMap":{"1":{"start":{"line":25,"column":2},"end":{"line":25,"column":19}},"2":{"start":{"line":32,"column":2},"end":{"line":32,"column":29}},"3":{"start":{"line":43,"column":2},"end":{"line":43,"column":32}},"4":{"start":{"line":44,"column":2},"end":{"line":44,"column":19}},"5":{"start":{"line":52,"column":2},"end":{"line":52,"column":30}},"6":{"start":{"line":60,"column":2},"end":{"line":60,"column":33}},"7":{"start":{"line":61,"column":2},"end":{"line":61,"column":45}},"8":{"start":{"line":62,"column":2},"end":{"line":62,"column":18}}},"branchMap":{"1":{"line":32,"type":"if","locations":[{"start":{"line":32,"column":2},"end":{"line":32,"column":2}},{"start":{"line":32,"column":2},"end":{"line":32,"column":2}}]},"2":{"line":60,"type":"if","locations":[{"start":{"line":60,"column":2},"end":{"line":60,"column":2}},{"start":{"line":60,"column":2},"end":{"line":60,"column":2}}]}}},"contracts/Proxy.sol":{"l":{"8":2,"12":2,"16":0,"17":0},"path":"/Users/hank/Desktop/CS/Blockchain/TCI/Magic/contracts/Proxy.sol","s":{"1":2,"2":2,"3":0},"b":{},"f":{"1":2,"2":2,"3":0},"fnMap":{"1":{"name":"constructor","line":7,"loc":{"start":{"line":7,"column":4},"end":{"line":7,"column":38}}},"2":{"name":"setTargetAddress","line":11,"loc":{"start":{"line":11,"column":4},"end":{"line":11,"column":61}}},"3":{"name":"","line":15,"loc":{"start":{"line":15,"column":4},"end":{"line":15,"column":27}}}},"statementMap":{"1":{"start":{"line":8,"column":8},"end":{"line":8,"column":33}},"2":{"start":{"line":12,"column":8},"end":{"line":12,"column":31}},"3":{"start":{"line":16,"column":8},"end":{"line":16,"column":44}}},"branchMap":{}},"contracts/Randomness.sol":{"l":{"10":1,"11":1},"path":"/Users/hank/Desktop/CS/Blockchain/TCI/Magic/contracts/Randomness.sol","s":{"1":1,"2":1},"b":{},"f":{"1":1},"fnMap":{"1":{"name":"rand","line":9,"loc":{"start":{"line":9,"column":4},"end":{"line":9,"column":63}}}},"statementMap":{"1":{"start":{"line":10,"column":8},"end":{"line":10,"column":18}},"2":{"start":{"line":11,"column":8},"end":{"line":11,"column":110}}},"branchMap":{}}}