TN:
SF:/Users/hank/Desktop/CS/Blockchain/TCI/Magic/contracts/Base.sol
FN:69,getPlayerInfoOfAGame
FN:73,getGameFundPool
FN:82,setPlayerLimit
FN:86,setHouseFee
FN:90,setTimeOfAGame
FN:94,_rand
FNF:6
FNH:0
FNDA:0,getPlayerInfoOfAGame
FNDA:0,getGameFundPool
FNDA:0,setPlayerLimit
FNDA:0,setHouseFee
FNDA:0,setTimeOfAGame
FNDA:0,_rand
DA:70,0
DA:74,0
DA:75,0
DA:76,0
DA:78,0
DA:79,0
DA:83,0
DA:87,0
DA:91,0
DA:95,0
LF:10
LH:0
BRF:0
BRH:0
end_of_record
TN:
SF:/Users/hank/Desktop/CS/Blockchain/TCI/Magic/contracts/InfinityGame.sol
FN:7,bet
FN:17,createGame
FN:49,_dealCards
FN:62,_shuffle
FN:82,settlementGame
FN:114,_sortHandCard
FN:139,_whoIsWinner
FN:172,_evaluateHand
FN:274,_distributionEther
FN:280,adminWithdraw
FNF:10
FNH:0
FNDA:0,bet
FNDA:0,createGame
FNDA:0,_dealCards
FNDA:0,_shuffle
FNDA:0,settlementGame
FNDA:0,_sortHandCard
FNDA:0,_whoIsWinner
FNDA:0,_evaluateHand
FNDA:0,_distributionEther
FNDA:0,adminWithdraw
DA:8,0
DA:9,0
DA:10,0
DA:11,0
DA:18,0
DA:19,0
DA:21,0
DA:29,0
DA:31,0
DA:32,0
DA:34,0
DA:40,0
DA:41,0
DA:43,0
DA:46,0
DA:50,0
DA:51,0
DA:52,0
DA:53,0
DA:55,0
DA:56,0
DA:57,0
DA:58,0
DA:63,0
DA:64,0
DA:65,0
DA:66,0
DA:67,0
DA:69,0
DA:70,0
DA:71,0
DA:72,0
DA:73,0
DA:74,0
DA:77,0
DA:78,0
DA:84,0
DA:85,0
DA:87,0
DA:88,0
DA:89,0
DA:92,0
DA:93,0
DA:94,0
DA:95,0
DA:98,0
DA:99,0
DA:100,0
DA:102,0
DA:106,0
DA:107,0
DA:108,0
DA:115,0
DA:116,0
DA:117,0
DA:118,0
DA:120,0
DA:121,0
DA:124,0
DA:125,0
DA:126,0
DA:127,0
DA:128,0
DA:129,0
DA:131,0
DA:132,0
DA:133,0
DA:140,0
DA:141,0
DA:142,0
DA:144,0
DA:145,0
DA:147,0
DA:148,0
DA:149,0
DA:152,0
DA:153,0
DA:154,0
DA:155,0
DA:156,0
DA:159,0
DA:162,0
DA:163,0
DA:169,0
DA:173,0
DA:174,0
DA:175,0
DA:176,0
DA:177,0
DA:178,0
DA:179,0
DA:181,0
DA:182,0
DA:183,0
DA:185,0
DA:186,0
DA:187,0
DA:190,0
DA:191,0
DA:194,0
DA:195,0
DA:198,0
DA:203,0
DA:204,0
DA:205,0
DA:206,0
DA:209,0
DA:210,0
DA:211,0
DA:214,0
DA:217,0
DA:218,0
DA:222,0
DA:223,0
DA:224,0
DA:225,0
DA:228,0
DA:229,0
DA:232,0
DA:236,0
DA:237,0
DA:238,0
DA:239,0
DA:240,0
DA:243,0
DA:244,0
DA:246,0
DA:247,0
DA:248,0
DA:251,0
DA:256,0
DA:257,0
DA:258,0
DA:259,0
DA:260,0
DA:261,0
DA:262,0
DA:265,0
DA:271,0
DA:275,0
DA:276,0
DA:281,0
DA:282,0
DA:283,0
LF:144
LH:0
BRDA:8,1,0,0
BRDA:8,1,1,0
BRDA:84,2,0,0
BRDA:84,2,1,0
BRDA:92,3,0,0
BRDA:92,3,1,0
BRDA:94,4,0,0
BRDA:94,4,1,0
BRDA:126,5,0,0
BRDA:126,5,1,0
BRDA:147,6,0,0
BRDA:147,6,1,0
BRDA:151,7,0,0
BRDA:151,7,1,0
BRDA:153,8,0,0
BRDA:153,8,1,0
BRDA:158,9,0,0
BRDA:158,9,1,0
BRDA:161,10,0,0
BRDA:161,10,1,0
BRDA:185,11,0,0
BRDA:185,11,1,0
BRDA:189,12,0,0
BRDA:189,12,1,0
BRDA:193,13,0,0
BRDA:193,13,1,0
BRDA:194,14,0,0
BRDA:194,14,1,0
BRDA:203,15,0,0
BRDA:203,15,1,0
BRDA:204,16,0,0
BRDA:204,16,1,0
BRDA:216,17,0,0
BRDA:216,17,1,0
BRDA:217,18,0,0
BRDA:217,18,1,0
BRDA:222,19,0,0
BRDA:222,19,1,0
BRDA:223,20,0,0
BRDA:223,20,1,0
BRDA:236,21,0,0
BRDA:236,21,1,0
BRDA:238,22,0,0
BRDA:238,22,1,0
BRDA:247,23,0,0
BRDA:247,23,1,0
BRDA:250,24,0,0
BRDA:250,24,1,0
BRDA:260,25,0,0
BRDA:260,25,1,0
BRDA:281,26,0,0
BRDA:281,26,1,0
BRF:52
BRH:0
end_of_record
TN:
SF:/Users/hank/Desktop/CS/Blockchain/TCI/Magic/contracts/openzeppelin-solidity/lifecycle/Pausable.sol
FN:21,whenNotPaused
FN:29,whenPaused
FN:37,pause
FN:45,unpause
FNF:4
FNH:0
FNDA:0,whenNotPaused
FNDA:0,whenPaused
FNDA:0,pause
FNDA:0,unpause
DA:22,0
DA:23,0
DA:30,0
DA:31,0
DA:38,0
DA:39,0
DA:46,0
DA:47,0
LF:8
LH:0
BRDA:22,1,0,0
BRDA:22,1,1,0
BRDA:30,2,0,0
BRDA:30,2,1,0
BRF:4
BRH:0
end_of_record
TN:
SF:/Users/hank/Desktop/CS/Blockchain/TCI/Magic/contracts/openzeppelin-solidity/math/SafeMath.sol
FN:12,mul
FN:29,div
FN:40,sub
FN:50,add
FN:61,mod
FNF:5
FNH:0
FNDA:0,mul
FNDA:0,div
FNDA:0,sub
FNDA:0,add
FNDA:0,mod
DA:16,0
DA:17,0
DA:20,0
DA:21,0
DA:23,0
DA:30,0
DA:31,0
DA:34,0
DA:41,0
DA:42,0
DA:44,0
DA:51,0
DA:52,0
DA:54,0
DA:62,0
DA:63,0
LF:16
LH:0
BRDA:16,1,0,0
BRDA:16,1,1,0
BRDA:21,2,0,0
BRDA:21,2,1,0
BRDA:30,3,0,0
BRDA:30,3,1,0
BRDA:41,4,0,0
BRDA:41,4,1,0
BRDA:52,5,0,0
BRDA:52,5,1,0
BRDA:62,6,0,0
BRDA:62,6,1,0
BRF:12
BRH:0
end_of_record
TN:
SF:/Users/hank/Desktop/CS/Blockchain/TCI/Magic/contracts/openzeppelin-solidity/ownership/Claimable.sol
FN:18,onlyPendingOwner
FN:27,transferOwnership
FN:34,claimOwnership
FNF:3
FNH:0
FNDA:0,onlyPendingOwner
FNDA:0,transferOwnership
FNDA:0,claimOwnership
DA:19,0
DA:20,0
DA:28,0
DA:35,0
DA:36,0
DA:37,0
LF:6
LH:0
BRDA:19,1,0,0
BRDA:19,1,1,0
BRF:2
BRH:0
end_of_record
TN:
SF:/Users/hank/Desktop/CS/Blockchain/TCI/Magic/contracts/openzeppelin-solidity/ownership/Ownable.sol
FN:24,constructor
FN:31,onlyOwner
FN:42,renounceOwnership
FN:51,transferOwnership
FN:59,_transferOwnership
FNF:5
FNH:2
FNDA:25,constructor
FNDA:3,onlyOwner
FNDA:0,renounceOwnership
FNDA:0,transferOwnership
FNDA:0,_transferOwnership
DA:25,25
DA:32,3
DA:33,3
DA:43,0
DA:44,0
DA:52,0
DA:60,0
DA:61,0
DA:62,0
LF:9
LH:3
BRDA:32,1,0,3
BRDA:32,1,1,0
BRDA:60,2,0,0
BRDA:60,2,1,0
BRF:4
BRH:1
end_of_record
TN:
SF:/Users/hank/Desktop/CS/Blockchain/TCI/Magic/contracts/Proxy.sol
FN:7,constructor
FN:11,setTargetAddress
FN:15,
FNF:3
FNH:2
FNDA:2,constructor
FNDA:2,setTargetAddress
FNDA:0,
DA:8,2
DA:12,2
DA:16,0
DA:17,0
LF:4
LH:2
BRF:0
BRH:0
end_of_record
TN:
SF:/Users/hank/Desktop/CS/Blockchain/TCI/Magic/contracts/Randomness.sol
FN:9,rand
FNF:1
FNH:1
FNDA:1,rand
DA:10,1
DA:11,1
LF:2
LH:2
BRF:0
BRH:0
end_of_record
