TN:
SF:/Users/hank/Desktop/Blockchain/TCI/Magic/contracts/Magic.sol
FN:15,constructor
FN:19,checkEnoughDonation
FN:24,donate
FN:28,getMagician
FN:32,getDonation
FN:36,getCooldownTime
FN:40,_triggerCooldown
FN:44,_payMagician
FNF:8
FNH:6
FNDA:7,constructor
FNDA:0,checkEnoughDonation
FNDA:1,donate
FNDA:1,getMagician
FNDA:1,getDonation
FNDA:1,getCooldownTime
FNDA:1,_triggerCooldown
FNDA:0,_payMagician
DA:16,7
DA:20,0
DA:21,0
DA:25,1
DA:29,1
DA:33,1
DA:37,1
DA:41,1
DA:45,0
DA:46,0
DA:47,0
LF:11
LH:6
BRDA:20,1,0,0
BRDA:20,1,1,0
BRF:2
BRH:0
end_of_record
TN:
SF:/Users/hank/Desktop/Blockchain/TCI/Magic/contracts/MagicAct.sol
FN:10,act
FNF:1
FNH:0
FNDA:0,act
DA:11,0
DA:12,0
DA:13,0
DA:14,0
LF:4
LH:0
BRDA:11,1,0,0
BRDA:11,1,1,0
BRF:2
BRH:0
end_of_record
