TN:
SF:/Users/hank/Desktop/CS/Blockchain/TCI/Magic/contracts/Magic.sol
FN:15,constructor
FN:19,checkEnoughDonation
FN:24,checkCoolDown
FN:29,donate
FN:33,getDonation
FN:37,getCooldownTime
FN:41,_triggerCooldown
FNF:7
FNH:7
FNDA:9,constructor
FNDA:2,checkEnoughDonation
FNDA:3,checkCoolDown
FNDA:2,donate
FNDA:4,getDonation
FNDA:1,getCooldownTime
FNDA:2,_triggerCooldown
DA:16,9
DA:20,2
DA:21,1
DA:25,3
DA:26,2
DA:30,2
DA:34,4
DA:38,1
DA:42,2
LF:9
LH:9
BRDA:20,1,0,1
BRDA:20,1,1,1
BRDA:25,2,0,2
BRDA:25,2,1,1
BRF:4
BRH:4
end_of_record
TN:
SF:/Users/hank/Desktop/CS/Blockchain/TCI/Magic/contracts/MagicAct.sol
FN:10,act
FN:16,freeAct
FN:21,payMagician
FNF:3
FNH:3
FNDA:1,act
FNDA:1,freeAct
FNDA:2,payMagician
DA:11,1
DA:12,1
DA:13,1
DA:17,1
DA:18,1
DA:22,2
DA:23,2
DA:24,2
LF:8
LH:8
BRF:0
BRH:0
end_of_record
