{"contracts/Magic.sol":{"l":{"16":7,"20":1,"21":1,"25":3,"29":0,"33":5,"37":5,"41":2,"45":2},"path":"/Users/hank/Desktop/Blockchain/TCI/Magic/contracts/Magic.sol","s":{"1":7,"2":1,"3":3,"4":0,"5":5,"6":5,"7":2,"8":2},"b":{"1":[1,0]},"f":{"1":7,"2":1,"3":3,"4":0,"5":5,"6":5,"7":2,"8":2},"fnMap":{"1":{"name":"constructor","line":15,"loc":{"start":{"line":15,"column":1},"end":{"line":15,"column":30}}},"2":{"name":"checkEnoughDonation","line":19,"loc":{"start":{"line":19,"column":1},"end":{"line":19,"column":43}}},"3":{"name":"donate","line":24,"loc":{"start":{"line":24,"column":1},"end":{"line":24,"column":34}}},"4":{"name":"seeContract_Amount","line":28,"loc":{"start":{"line":28,"column":3},"end":{"line":28,"column":56}}},"5":{"name":"getMagician","line":32,"loc":{"start":{"line":32,"column":3},"end":{"line":32,"column":53}}},"6":{"name":"getDonation","line":36,"loc":{"start":{"line":36,"column":3},"end":{"line":36,"column":66}}},"7":{"name":"getCooldownTime","line":40,"loc":{"start":{"line":40,"column":3},"end":{"line":40,"column":65}}},"8":{"name":"_triggerCooldown","line":44,"loc":{"start":{"line":44,"column":3},"end":{"line":44,"column":48}}}},"statementMap":{"1":{"start":{"line":16,"column":2},"end":{"line":16,"column":22}},"2":{"start":{"line":20,"column":2},"end":{"line":20,"column":49}},"3":{"start":{"line":25,"column":7},"end":{"line":25,"column":46}},"4":{"start":{"line":29,"column":8},"end":{"line":29,"column":36}},"5":{"start":{"line":33,"column":2},"end":{"line":33,"column":17}},"6":{"start":{"line":37,"column":4},"end":{"line":37,"column":39}},"7":{"start":{"line":41,"column":2},"end":{"line":41,"column":45}},"8":{"start":{"line":45,"column":4},"end":{"line":45,"column":69}}},"branchMap":{"1":{"line":20,"type":"if","locations":[{"start":{"line":20,"column":2},"end":{"line":20,"column":2}},{"start":{"line":20,"column":2},"end":{"line":20,"column":2}}]}}},"contracts/MagicAct.sol":{"l":{"11":1,"12":1,"13":1,"14":1,"18":2,"19":2,"20":2},"path":"/Users/hank/Desktop/Blockchain/TCI/Magic/contracts/MagicAct.sol","s":{"1":1,"2":1,"3":1,"4":1,"5":2,"6":2,"7":2},"b":{"1":[1,0]},"f":{"1":1,"2":2},"fnMap":{"1":{"name":"act","line":10,"loc":{"start":{"line":10,"column":1},"end":{"line":10,"column":64}}},"2":{"name":"payMagician","line":17,"loc":{"start":{"line":17,"column":3},"end":{"line":17,"column":48}}}},"statementMap":{"1":{"start":{"line":11,"column":2},"end":{"line":11,"column":53}},"2":{"start":{"line":12,"column":2},"end":{"line":12,"column":24}},"3":{"start":{"line":13,"column":2},"end":{"line":13,"column":19}},"4":{"start":{"line":14,"column":2},"end":{"line":14,"column":17}},"5":{"start":{"line":18,"column":4},"end":{"line":18,"column":32}},"6":{"start":{"line":19,"column":4},"end":{"line":19,"column":28}},"7":{"start":{"line":20,"column":4},"end":{"line":20,"column":40}}},"branchMap":{"1":{"line":11,"type":"if","locations":[{"start":{"line":11,"column":2},"end":{"line":11,"column":2}},{"start":{"line":11,"column":2},"end":{"line":11,"column":2}}]}}}}