{"contracts/Magic.sol":{"l":{"16":7,"20":0,"21":0,"25":1,"29":1,"33":1,"37":1,"41":1,"45":0,"46":0,"47":0},"path":"/Users/hank/Desktop/Blockchain/TCI/Magic/contracts/Magic.sol","s":{"1":7,"2":0,"3":1,"4":1,"5":1,"6":1,"7":1,"8":0,"9":0,"10":0},"b":{"1":[0,0]},"f":{"1":7,"2":0,"3":1,"4":1,"5":1,"6":1,"7":1,"8":0},"fnMap":{"1":{"name":"constructor","line":15,"loc":{"start":{"line":15,"column":1},"end":{"line":15,"column":22}}},"2":{"name":"checkEnoughDonation","line":19,"loc":{"start":{"line":19,"column":1},"end":{"line":19,"column":43}}},"3":{"name":"donate","line":24,"loc":{"start":{"line":24,"column":1},"end":{"line":24,"column":34}}},"4":{"name":"getMagician","line":28,"loc":{"start":{"line":28,"column":3},"end":{"line":28,"column":53}}},"5":{"name":"getDonation","line":32,"loc":{"start":{"line":32,"column":3},"end":{"line":32,"column":66}}},"6":{"name":"getCooldownTime","line":36,"loc":{"start":{"line":36,"column":3},"end":{"line":36,"column":65}}},"7":{"name":"_triggerCooldown","line":40,"loc":{"start":{"line":40,"column":3},"end":{"line":40,"column":48}}},"8":{"name":"_payMagician","line":44,"loc":{"start":{"line":44,"column":3},"end":{"line":44,"column":44}}}},"statementMap":{"1":{"start":{"line":16,"column":2},"end":{"line":16,"column":22}},"2":{"start":{"line":20,"column":2},"end":{"line":20,"column":49}},"3":{"start":{"line":25,"column":7},"end":{"line":25,"column":46}},"4":{"start":{"line":29,"column":2},"end":{"line":29,"column":17}},"5":{"start":{"line":33,"column":4},"end":{"line":33,"column":39}},"6":{"start":{"line":37,"column":2},"end":{"line":37,"column":45}},"7":{"start":{"line":41,"column":4},"end":{"line":41,"column":69}},"8":{"start":{"line":45,"column":4},"end":{"line":45,"column":25}},"9":{"start":{"line":46,"column":4},"end":{"line":46,"column":28}},"10":{"start":{"line":47,"column":4},"end":{"line":47,"column":40}}},"branchMap":{"1":{"line":20,"type":"if","locations":[{"start":{"line":20,"column":2},"end":{"line":20,"column":2}},{"start":{"line":20,"column":2},"end":{"line":20,"column":2}}]}}},"contracts/MagicAct.sol":{"l":{"11":0,"12":0,"13":0,"14":0},"path":"/Users/hank/Desktop/Blockchain/TCI/Magic/contracts/MagicAct.sol","s":{"1":0,"2":0,"3":0,"4":0},"b":{"1":[0,0]},"f":{"1":0},"fnMap":{"1":{"name":"act","line":10,"loc":{"start":{"line":10,"column":1},"end":{"line":10,"column":64}}}},"statementMap":{"1":{"start":{"line":11,"column":2},"end":{"line":11,"column":53}},"2":{"start":{"line":12,"column":2},"end":{"line":12,"column":24}},"3":{"start":{"line":13,"column":2},"end":{"line":13,"column":20}},"4":{"start":{"line":14,"column":2},"end":{"line":14,"column":17}}},"branchMap":{"1":{"line":11,"type":"if","locations":[{"start":{"line":11,"column":2},"end":{"line":11,"column":2}},{"start":{"line":11,"column":2},"end":{"line":11,"column":2}}]}}}}